<?xml version="1.0" encoding="UTF-8"?>
<!-- Generated by org.testng.reporters.JUnitReportReporter -->
<testsuite hostname="DESKTOP-9APD5KC" failures="0" tests="6" name="api.tests.DataDrivenTests" time="10.402" errors="0" timestamp="2023-07-11T12:38:18 IST" skipped="0">
  <testcase classname="api.tests.DataDrivenTests" name="testPostUser" time="1.185"/>
  <system-out/>
  <testcase classname="api.tests.DataDrivenTests" name="testPostUser" time="1.158"/>
  <system-out/>
  <testcase classname="api.tests.DataDrivenTests" name="testPostUser" time="4.529"/>
  <system-out/>
  <testcase classname="api.tests.DataDrivenTests" name="testDeleteByUserName" time="1.155"/>
  <system-out/>
  <testcase classname="api.tests.DataDrivenTests" name="testDeleteByUserName" time="1.189"/>
  <system-out/>
  <testcase classname="api.tests.DataDrivenTests" name="testDeleteByUserName" time="1.186"/>
  <system-out/>
</testsuite> <!-- api.tests.DataDrivenTests -->
