<?xml version="1.0" encoding="UTF-8"?>
<!-- Generated by org.testng.reporters.JUnitReportReporter -->
<testsuite hostname="DESKTOP-9APD5KC" failures="0" tests="4" name="api.tests.UserTests" time="5.818" errors="0" timestamp="2023-07-11T12:38:18 IST" skipped="0">
  <testcase classname="api.tests.UserTests" name="testPostUser" time="1.171"/>
  <system-out/>
  <testcase classname="api.tests.UserTests" name="testGetUserByName" time="1.155"/>
  <system-out/>
  <testcase classname="api.tests.UserTests" name="testUpdateUserByName" time="2.331"/>
  <system-out/>
  <testcase classname="api.tests.UserTests" name="testDeleteUserByName" time="1.161"/>
  <system-out/>
</testsuite> <!-- api.tests.UserTests -->
